g++ -std=c++0x -DHAVE_CONFIG_H -I. -I../../..   -I../../problems/phase  -I/usr/people/kraenkel/Dune2.0/dune-common  -I/usr/people/kraenkel/Dune2.0/dune-geometry  -I/usr/people/kraenkel/Dune2.0/dune-grid  -I/usr/people/kraenkel/Dune2.0/dune-istl  -I/usr/people/kraenkel/Dune2.0/dune-localfunctions  -I/hosts/raid5/aragorn/dune/modules/x86_64/UMFPACK/UMFPACK/Include -I/hosts/raid5/aragorn/dune/modules/x86_64/UMFPACK/UFconfig -I/hosts/raid5/aragorn/dune/modules/x86_64/UMFPACK/AMD/Include -DENABLE_UMFPACK=1 -I/usr/people/kraenkel/Dune2.0/dune-fem  -I/usr/people/kraenkel/Dune2.0/dune-fem-dg    -I/usr/people/kraenkel/Dune2.0/dune-common -I/usr/include -DENABLE_GMP=1 -I/usr/people/kraenkel/Dune2.0/dune-geometry -DGRIDDIM=2 -DWORLDDIM=2 -DYASPGRID -I/hosts/raid5/aragorn/dune/modules/x86_64/alberta/include -I/hosts/raid5/aragorn/dune/modules/x86_64/alberta/include/alberta -DALBERTA_DIM=2 -DENABLE_ALBERTA -I/disk1/Work/Mymodules/UG/include/ug   -DENABLE_UG  -I/hosts/raid5/aragorn/dune/modules/x86_64/ALUGrid-1.50/include -I/hosts/raid5/aragorn/dune/modules/x86_64/ALUGrid-1.50/include/serial -I/hosts/raid5/aragorn/dune/modules/x86_64/ALUGrid-1.50/include/duneinterface -DENABLE_ALUGRID -I/hosts/raid5/aragorn/dune/modules/x86_64/ALUGrid-1.50/include/parallel -I/usr/people/kraenkel/Dune2.0/dune-grid  -I/usr/people/kraenkel/Dune2.0/dune-istl -I/usr/people/kraenkel/Dune2.0/dune-localfunctions -I/hosts/raid5/aragorn/dune/modules/x86_64/UMFPACK/UMFPACK/Include -I/hosts/raid5/aragorn/dune/modules/x86_64/UMFPACK/UFconfig -I/hosts/raid5/aragorn/dune/modules/x86_64/UMFPACK/AMD/Include -DENABLE_UMFPACK=1 -I/usr/people/kraenkel/Dune2.0/dune-fem -I/usr/people/kraenkel/Dune2.0/dune-fem-dg -DGRIDDIM=2 -DPROBLEM=1  -DYASPGRID  -DFEMTIMER -DFLUX=1  -DDUALDG  -DPOLORDER=1    -MT phasefield-phasefield_pol.o -MD -MP -MF .deps/phasefield-phasefield_pol.Tpo -c -o phasefield-phasefield_pol.o `test -f '../../../dune/fem/main/phasefield_pol.cc' || echo './'`../../../dune/fem/main/phasefield_pol.cc
In file included from /usr/people/kraenkel/Dune2.0/dune-fem/dune/fem/io/file/iotuple.hh:14,
                 from /usr/people/kraenkel/Dune2.0/dune-fem/dune/fem/io/file/iointerface.hh:27,
                 from /usr/people/kraenkel/Dune2.0/dune-fem/dune/fem/io/file/persistencemanager.hh:12,
                 from /usr/people/kraenkel/Dune2.0/dune-fem/dune/fem/solver/timeprovider.hh:14,
                 from /usr/people/kraenkel/Dune2.0/dune-fem/dune/fem/misc/femtimer.hh:15,
                 from ../../../dune/fem/base/base.hh:18,
                 from ../../../dune/fem/main/phasefield_pol.cc:33:
/usr/people/kraenkel/Dune2.0/dune-fem/dune/fem/space/common/communicationmanager.hh:34:6: warning: #warning "HAVE_MPI == 0, therefore default CommunicationManager is used!"
In file included from ./problemcreator.hh:23,
                 from ../../../dune/fem/main/phasefield_pol.cc:36:
./problemtype.hh:20:2: warning: #warning "Phaseproblen choosen":
In file included from ../../../dune/fem/main/phasefield_pol.cc:36:
./problemcreator.hh:44:2: warning: #warning "FLUX: LLF"
In file included from ../../../dune/fem/main/steppertraits.hh:5,
                 from ../../../dune/fem/main/stepperbase.hh:41,
                 from ../../../dune/fem/main/stepper.hh:7,
                 from ./problemcreator.hh:111,
                 from ../../../dune/fem/main/phasefield_pol.cc:36:
/usr/people/kraenkel/Dune2.0/dune-fem/dune/fem/space/dgspace/dgadaptmanager.hh:3:2: warning: #warning "Deprecated header, #include <dune/fem/space/dgspace/localrestrictprolong.hh>"
In file included from ../../../dune/fem/main/stepperbase.hh:41,
                 from ../../../dune/fem/main/stepper.hh:7,
                 from ./problemcreator.hh:111,
                 from ../../../dune/fem/main/phasefield_pol.cc:36:
../../../dune/fem/main/steppertraits.hh:32:2: warning: #warning "No limiter is applied to the numerical solution !!"
In file included from /usr/people/kraenkel/Dune2.0/dune-grid/dune/grid/common/grid.hh:1392,
                 from /usr/people/kraenkel/Dune2.0/dune-grid/dune/grid/yaspgrid.hh:16,
                 from ../../../config.h:457,
                 from ../../../dune/fem/main/phasefield_pol.cc:20:
/usr/people/kraenkel/Dune2.0/dune-grid/dune/grid/common/geometry.hh: In constructor ‘Dune::Geometry<mydim, cdim, GridImp, GeometryImp>::Geometry(const GeometryImp<mydim, cdim, GridImp>&) [with int mydim = 2, int cdim = 2, GridImp = Dune::RefinementImp::Simplex::RefinementImp<2, double>, GeometryImp = Dune::RefinementImp::Simplex::Geometry]’:
/usr/people/kraenkel/Dune2.0/dune-grid/dune/grid/common/refinement/simplex.cc:733:   instantiated from ‘typename Dune::RefinementImp::Simplex::RefinementIteratorSpecial<dimension, CoordType, 0>::Geometry Dune::RefinementImp::Simplex::RefinementIteratorSpecial<dimension, CoordType, 0>::geometry() const [with int dimension = 2, CoordType = double]’
/usr/people/kraenkel/Dune2.0/dune-grid/dune/grid/common/refinement/simplex.cc:721:   instantiated from ‘typename Dune::RefinementImp::Simplex::RefinementIteratorSpecial<dimension, CoordType, 0>::CoordVector Dune::RefinementImp::Simplex::RefinementIteratorSpecial<dimension, CoordType, 0>::coords() const [with int dimension = 2, CoordType = double]’
/usr/people/kraenkel/Dune2.0/dune-grid/dune/grid/common/virtualrefinement.cc:543:   instantiated from ‘typename Dune::VirtualRefinementImp<topologyId, CoordType, coerceToId, dimension>::SubEntityIteratorBack<codimension>::CoordVector Dune::VirtualRefinementImp<topologyId, CoordType, coerceToId, dimension>::SubEntityIteratorBack<codimension>::coords() const [with int codimension = 0, unsigned int topologyId = 0u, CoordType = double, unsigned int coerceToId = 0u, int dimension = 2]’
../../../dune/fem/main/phasefield_pol.cc:77:   instantiated from here
/usr/people/kraenkel/Dune2.0/dune-grid/dune/grid/common/geometry.hh:273: warning: ‘void Dune::Geometry<mydim, cdim, GridImp, GeometryImp>::deprecationWarning(std::integral_constant<bool, true>) [with int mydim = 2, int cdim = 2, GridImp = Dune::RefinementImp::Simplex::RefinementImp<2, double>, GeometryImp = Dune::RefinementImp::Simplex::Geometry]’ is deprecated (declared at /usr/people/kraenkel/Dune2.0/dune-grid/dune/grid/common/geometry.hh:281)
/usr/people/kraenkel/Dune2.0/dune-grid/dune/grid/common/geometry.hh: In constructor ‘Dune::Geometry<mydim, cdim, GridImp, GeometryImp>::Geometry(const GeometryImp<mydim, cdim, GridImp>&) [with int mydim = 2, int cdim = 2, GridImp = Dune::RefinementImp::HCubeTriangulation::RefinementImp<2, double>, GeometryImp = Dune::RefinementImp::HCubeTriangulation::Geometry]’:
/usr/people/kraenkel/Dune2.0/dune-grid/dune/grid/common/refinement/hcubetriangulation.cc:343:   instantiated from ‘typename Dune::RefinementImp::HCubeTriangulation::RefinementIteratorSpecial<dimension, CoordType, 0>::Geometry Dune::RefinementImp::HCubeTriangulation::RefinementIteratorSpecial<dimension, CoordType, 0>::geometry() const [with int dimension = 2, CoordType = double]’
/usr/people/kraenkel/Dune2.0/dune-grid/dune/grid/common/refinement/hcubetriangulation.cc:331:   instantiated from ‘typename Dune::RefinementImp::HCubeTriangulation::RefinementIteratorSpecial<dimension, CoordType, 0>::CoordVector Dune::RefinementImp::HCubeTriangulation::RefinementIteratorSpecial<dimension, CoordType, 0>::coords() const [with int dimension = 2, CoordType = double]’
/usr/people/kraenkel/Dune2.0/dune-grid/dune/grid/common/virtualrefinement.cc:543:   instantiated from ‘typename Dune::VirtualRefinementImp<topologyId, CoordType, coerceToId, dimension>::SubEntityIteratorBack<codimension>::CoordVector Dune::VirtualRefinementImp<topologyId, CoordType, coerceToId, dimension>::SubEntityIteratorBack<codimension>::coords() const [with int codimension = 0, unsigned int topologyId = 2u, CoordType = double, unsigned int coerceToId = 0u, int dimension = 2]’
../../../dune/fem/main/phasefield_pol.cc:77:   instantiated from here
/usr/people/kraenkel/Dune2.0/dune-grid/dune/grid/common/geometry.hh:273: warning: ‘void Dune::Geometry<mydim, cdim, GridImp, GeometryImp>::deprecationWarning(std::integral_constant<bool, true>) [with int mydim = 2, int cdim = 2, GridImp = Dune::RefinementImp::HCubeTriangulation::RefinementImp<2, double>, GeometryImp = Dune::RefinementImp::HCubeTriangulation::Geometry]’ is deprecated (declared at /usr/people/kraenkel/Dune2.0/dune-grid/dune/grid/common/geometry.hh:281)
mv -f .deps/phasefield-phasefield_pol.Tpo .deps/phasefield-phasefield_pol.Po
/bin/sh ../../../libtool  --tag=CXX   --mode=link g++ -std=c++0x   -L/hosts/raid5/aragorn/dune/modules/x86_64/UMFPACK/UMFPACK/Lib -L/hosts/raid5/aragorn/dune/modules/x86_64/UMFPACK/AMD/Lib                  -L/hosts/raid5/aragorn/dune/modules/x86_64/UMFPACK/UMFPACK/Lib -L/hosts/raid5/aragorn/dune/modules/x86_64/UMFPACK/AMD/Lib                    -o phasefield phasefield-phasefield.o phasefield-phasefield_pol.o -L/hosts/raid5/aragorn/dune/modules/x86_64/UMFPACK/UMFPACK/Lib -L/hosts/raid5/aragorn/dune/modules/x86_64/UMFPACK/AMD/Lib                  -L/hosts/raid5/aragorn/dune/modules/x86_64/UMFPACK/UMFPACK/Lib -L/hosts/raid5/aragorn/dune/modules/x86_64/UMFPACK/AMD/Lib   -L/usr/people/kraenkel/Dune2.0/dune-fem/lib -ldunefem    -L/usr/people/kraenkel/Dune2.0/dune-grid/lib -ldunegrid -L/hosts/raid5/aragorn/dune/modules/x86_64/ALUGrid-1.50/lib -lalugrid  -L/disk1/Work/Mymodules/UG/lib   -lugS2 -lugS3 -ldevS -L/usr/people/kraenkel/Dune2.0/dune-grid/lib -ldunealbertagrid_2d -ldunegrid -L/hosts/raid5/aragorn/dune/modules/x86_64/alberta/lib -lalberta_2d -L/hosts/raid5/aragorn/dune/modules/x86_64/alberta/lib -lalberta_util   -L/usr/people/kraenkel/Dune2.0/dune-geometry/lib -ldunegeometry -L/usr/lib -lgmpxx -lgmp -L/usr/people/kraenkel/Dune2.0/dune-common/lib -ldunecommon   -lumfpack -lamd  -L/usr/people/kraenkel/Dune2.0/dune-fem/lib -ldunefem   -L/usr/people/kraenkel/Dune2.0/dune-grid/lib -ldunegrid -L/usr/people/kraenkel/Dune2.0/dune-geometry/lib -ldunegeometry -L/usr/people/kraenkel/Dune2.0/dune-common/lib -ldunecommon       -lumfpack -lamd   -lm      -L/usr/people/kraenkel/Dune2.0/dune-fem/lib -ldunefem      -L/usr/people/kraenkel/Dune2.0/dune-grid/lib -ldunegrid  -L/usr/people/kraenkel/Dune2.0/dune-geometry/lib -ldunegeometry  -L/usr/people/kraenkel/Dune2.0/dune-common/lib -ldunecommon 
libtool: link: g++ -std=c++0x -o phasefield phasefield-phasefield.o phasefield-phasefield_pol.o  -L/hosts/raid5/aragorn/dune/modules/x86_64/UMFPACK/UMFPACK/Lib -L/hosts/raid5/aragorn/dune/modules/x86_64/UMFPACK/AMD/Lib -L/usr/people/kraenkel/Dune2.0/dune-fem/lib -L/usr/people/kraenkel/Dune2.0/dune-grid/lib -L/usr/people/kraenkel/Dune2.0/dune-geometry/lib -L/usr/people/kraenkel/Dune2.0/dune-common/lib -L/disk1/Work/Mymodules/UG/lib -L/hosts/raid5/aragorn/dune/modules/x86_64/ALUGrid-1.50/lib -L/hosts/raid5/aragorn/dune/modules/x86_64/metis -L/usr/lib64 /usr/people/kraenkel/Dune2.0/dune-grid/lib/.libs/libdunealbertagrid_2d.a -L/hosts/raid5/aragorn/dune/modules/x86_64/alberta/lib /hosts/raid5/aragorn/dune/modules/x86_64/alberta-2.0/lib/libalberta_2d.a /hosts/raid5/aragorn/dune/modules/x86_64/alberta-2.0/lib/libalberta_util.a -L/usr/lib -lgmpxx -lgmp -lumfpack -lamd /usr/people/kraenkel/Dune2.0/dune-fem/lib/.libs/libdunefem.a -lblas /usr/people/kraenkel/Dune2.0/dune-grid/lib/.libs/libdunegrid.a /hosts/raid5/aragorn/dune/modules/x86_64/ALUGrid-1.50/lib/libalugrid.a -lmetis /usr/lib64/libmpi_cxx.so /usr/lib64/libmpi.so /usr/lib64/libopen-rte.so /usr/lib64/libopen-pal.so -ldl -lnsl -lutil /disk1/Work/Mymodules/UG/lib/libugS2.a /disk1/Work/Mymodules/UG/lib/libugS3.a /disk1/Work/Mymodules/UG/lib/libdevS.a -lm /usr/people/kraenkel/Dune2.0/dune-geometry/lib/.libs/libdunegeometry.a /usr/people/kraenkel/Dune2.0/dune-common/lib/.libs/libdunecommon.a -llapack -pthread
/usr/people/kraenkel/Dune2.0/dune-grid/lib/.libs/libdunegrid.a(libdgfparser_la-dgfparser.o): In function `Dune::DuneGridFormatParser::temporaryFileName()':
dgfparser.cc:(.text._ZN4Dune20DuneGridFormatParser17temporaryFileNameEv[Dune::DuneGridFormatParser::temporaryFileName()]+0x25): warning: the use of `tmpnam' is dangerous, better use `mkstemp'
